<?xml version="1.0" encoding="UTF-8"?>
<!-- Generated by org.testng.reporters.JUnitReportReporter -->
<testsuite name="com.mckinsey.Newton.desktopWebTests.JourneyGuideTests" tests="1" time="0.005" ignored="4" failures="0" timestamp="22 Apr 2019 09:04:16 GMT" skipped="1" hostname="XE-T-SRIKANTHRE" errors="0">
  <testcase name="JourneyGuide" time="0.005" classname="com.mckinsey.Newton.desktopWebTests.JourneyGuideTests">
    <skipped/>
  </testcase> <!-- JourneyGuide -->
  <testcase name="beforeSuit" classname="com.mckinsey.Newton.tests.TestSessionInitiator">
    <skipped/>
  </testcase> <!-- beforeSuit -->
  <testcase name="beforeSuit" classname="com.mckinsey.Newton.tests.TestSessionInitiator">
    <skipped/>
  </testcase> <!-- beforeSuit -->
  <testcase name="afterSuite" classname="com.mckinsey.Newton.tests.TestSessionInitiator">
    <skipped/>
  </testcase> <!-- afterSuite -->
  <testcase name="afterSuite" classname="com.mckinsey.Newton.tests.TestSessionInitiator">
    <skipped/>
  </testcase> <!-- afterSuite -->
</testsuite> <!-- com.mckinsey.Newton.desktopWebTests.JourneyGuideTests -->
